INFO:     Started server process [418767]
INFO:     Waiting for application startup.
INFO:     Application startup complete.
INFO:     Uvicorn running on http://0.0.0.0:8000 (Press CTRL+C to quit)
Initializing Signara API...
Initializing Signara model...
Demo model trained with random data
Model initialized with 291 classes
Model loaded: True, Classes: 291
INFO:     127.0.0.1:33840 - "GET /health HTTP/1.1" 200 OK
INFO:     127.0.0.1:36612 - "GET /health HTTP/1.1" 200 OK
INFO:     127.0.0.1:36616 - "POST /convert-text-to-gloss HTTP/1.1" 200 OK
INFO:     127.0.0.1:51400 - "POST /predict-keypoints HTTP/1.1" 500 Internal Server Error
ERROR:    Exception in ASGI application
Traceback (most recent call last):
  File "/mnt/d/signaraaa/signara/backend/venv/lib/python3.12/site-packages/uvicorn/protocols/http/httptools_impl.py", line 420, in run_asgi
    result = await app(  # type: ignore[func-returns-value]
             ^^^^^^^^^^^^^^^^^^^^^^^^^^^^^^^^^^^^^^^^^^^^^^
  File "/mnt/d/signaraaa/signara/backend/venv/lib/python3.12/site-packages/uvicorn/middleware/proxy_headers.py", line 60, in __call__
    return await self.app(scope, receive, send)
           ^^^^^^^^^^^^^^^^^^^^^^^^^^^^^^^^^^^^
  File "/mnt/d/signaraaa/signara/backend/venv/lib/python3.12/site-packages/fastapi/applications.py", line 1163, in __call__
    await super().__call__(scope, receive, send)
  File "/mnt/d/signaraaa/signara/backend/venv/lib/python3.12/site-packages/starlette/applications.py", line 90, in __call__
    await self.middleware_stack(scope, receive, send)
  File "/mnt/d/signaraaa/signara/backend/venv/lib/python3.12/site-packages/starlette/middleware/errors.py", line 186, in __call__
    raise exc
  File "/mnt/d/signaraaa/signara/backend/venv/lib/python3.12/site-packages/starlette/middleware/errors.py", line 164, in __call__
    await self.app(scope, receive, _send)
  File "/mnt/d/signaraaa/signara/backend/venv/lib/python3.12/site-packages/starlette/middleware/cors.py", line 88, in __call__
    await self.app(scope, receive, send)
  File "/mnt/d/signaraaa/signara/backend/venv/lib/python3.12/site-packages/starlette/middleware/exceptions.py", line 63, in __call__
    await wrap_app_handling_exceptions(self.app, conn)(scope, receive, send)
  File "/mnt/d/signaraaa/signara/backend/venv/lib/python3.12/site-packages/starlette/_exception_handler.py", line 53, in wrapped_app
    raise exc
  File "/mnt/d/signaraaa/signara/backend/venv/lib/python3.12/site-packages/starlette/_exception_handler.py", line 42, in wrapped_app
    await app(scope, receive, sender)
  File "/mnt/d/signaraaa/signara/backend/venv/lib/python3.12/site-packages/fastapi/middleware/asyncexitstack.py", line 18, in __call__
    await self.app(scope, receive, send)
  File "/mnt/d/signaraaa/signara/backend/venv/lib/python3.12/site-packages/starlette/routing.py", line 660, in __call__
    await self.middleware_stack(scope, receive, send)
  File "/mnt/d/signaraaa/signara/backend/venv/lib/python3.12/site-packages/starlette/routing.py", line 680, in app
    await route.handle(scope, receive, send)
  File "/mnt/d/signaraaa/signara/backend/venv/lib/python3.12/site-packages/starlette/routing.py", line 276, in handle
    await self.app(scope, receive, send)
  File "/mnt/d/signaraaa/signara/backend/venv/lib/python3.12/site-packages/fastapi/routing.py", line 134, in app
    await wrap_app_handling_exceptions(app, request)(scope, receive, send)
  File "/mnt/d/signaraaa/signara/backend/venv/lib/python3.12/site-packages/starlette/_exception_handler.py", line 53, in wrapped_app
    raise exc
  File "/mnt/d/signaraaa/signara/backend/venv/lib/python3.12/site-packages/starlette/_exception_handler.py", line 42, in wrapped_app
    await app(scope, receive, sender)
  File "/mnt/d/signaraaa/signara/backend/venv/lib/python3.12/site-packages/fastapi/routing.py", line 120, in app
    response = await f(request)
               ^^^^^^^^^^^^^^^^
  File "/mnt/d/signaraaa/signara/backend/venv/lib/python3.12/site-packages/fastapi/routing.py", line 674, in app
    raw_response = await run_endpoint_function(
                   ^^^^^^^^^^^^^^^^^^^^^^^^^^^^
  File "/mnt/d/signaraaa/signara/backend/venv/lib/python3.12/site-packages/fastapi/routing.py", line 328, in run_endpoint_function
    return await dependant.call(**values)
           ^^^^^^^^^^^^^^^^^^^^^^^^^^^^^^
  File "/mnt/d/signaraaa/signara/backend/src/api/main.py", line 143, in predict_keypoints
    return PredictionResponse(
           ^^^^^^^^^^^^^^^^^^^
  File "/mnt/d/signaraaa/signara/backend/venv/lib/python3.12/site-packages/pydantic/main.py", line 250, in __init__
    validated_self = self.__pydantic_validator__.validate_python(data, self_instance=self)
                     ^^^^^^^^^^^^^^^^^^^^^^^^^^^^^^^^^^^^^^^^^^^^^^^^^^^^^^^^^^^^^^^^^^^^^
pydantic_core._pydantic_core.ValidationError: 5 validation errors for PredictionResponse
top5.0.0
  Input should be a valid number, unable to parse string as a number [type=float_parsing, input_value='ABOUT', input_type=str]
    For further information visit https://errors.pydantic.dev/2.12/v/float_parsing
top5.1.0
  Input should be a valid number, unable to parse string as a number [type=float_parsing, input_value='STOP', input_type=str]
    For further information visit https://errors.pydantic.dev/2.12/v/float_parsing
top5.2.0
  Input should be a valid number, unable to parse string as a number [type=float_parsing, input_value='AMONG', input_type=str]
    For further information visit https://errors.pydantic.dev/2.12/v/float_parsing
top5.3.0
  Input should be a valid number, unable to parse string as a number [type=float_parsing, input_value='GIVE', input_type=str]
    For further information visit https://errors.pydantic.dev/2.12/v/float_parsing
top5.4.0
  Input should be a valid number, unable to parse string as a number [type=float_parsing, input_value='OUT', input_type=str]
    For further information visit https://errors.pydantic.dev/2.12/v/float_parsing
INFO:     127.0.0.1:42598 - "POST /predict-keypoints HTTP/1.1" 500 Internal Server Error
ERROR:    Exception in ASGI application
Traceback (most recent call last):
  File "/mnt/d/signaraaa/signara/backend/venv/lib/python3.12/site-packages/uvicorn/protocols/http/httptools_impl.py", line 420, in run_asgi
    result = await app(  # type: ignore[func-returns-value]
             ^^^^^^^^^^^^^^^^^^^^^^^^^^^^^^^^^^^^^^^^^^^^^^
  File "/mnt/d/signaraaa/signara/backend/venv/lib/python3.12/site-packages/uvicorn/middleware/proxy_headers.py", line 60, in __call__
    return await self.app(scope, receive, send)
           ^^^^^^^^^^^^^^^^^^^^^^^^^^^^^^^^^^^^
  File "/mnt/d/signaraaa/signara/backend/venv/lib/python3.12/site-packages/fastapi/applications.py", line 1163, in __call__
    await super().__call__(scope, receive, send)
  File "/mnt/d/signaraaa/signara/backend/venv/lib/python3.12/site-packages/starlette/applications.py", line 90, in __call__
    await self.middleware_stack(scope, receive, send)
  File "/mnt/d/signaraaa/signara/backend/venv/lib/python3.12/site-packages/starlette/middleware/errors.py", line 186, in __call__
    raise exc
  File "/mnt/d/signaraaa/signara/backend/venv/lib/python3.12/site-packages/starlette/middleware/errors.py", line 164, in __call__
    await self.app(scope, receive, _send)
  File "/mnt/d/signaraaa/signara/backend/venv/lib/python3.12/site-packages/starlette/middleware/cors.py", line 88, in __call__
    await self.app(scope, receive, send)
  File "/mnt/d/signaraaa/signara/backend/venv/lib/python3.12/site-packages/starlette/middleware/exceptions.py", line 63, in __call__
    await wrap_app_handling_exceptions(self.app, conn)(scope, receive, send)
  File "/mnt/d/signaraaa/signara/backend/venv/lib/python3.12/site-packages/starlette/_exception_handler.py", line 53, in wrapped_app
    raise exc
  File "/mnt/d/signaraaa/signara/backend/venv/lib/python3.12/site-packages/starlette/_exception_handler.py", line 42, in wrapped_app
    await app(scope, receive, sender)
  File "/mnt/d/signaraaa/signara/backend/venv/lib/python3.12/site-packages/fastapi/middleware/asyncexitstack.py", line 18, in __call__
    await self.app(scope, receive, send)
  File "/mnt/d/signaraaa/signara/backend/venv/lib/python3.12/site-packages/starlette/routing.py", line 660, in __call__
    await self.middleware_stack(scope, receive, send)
  File "/mnt/d/signaraaa/signara/backend/venv/lib/python3.12/site-packages/starlette/routing.py", line 680, in app
    await route.handle(scope, receive, send)
  File "/mnt/d/signaraaa/signara/backend/venv/lib/python3.12/site-packages/starlette/routing.py", line 276, in handle
    await self.app(scope, receive, send)
  File "/mnt/d/signaraaa/signara/backend/venv/lib/python3.12/site-packages/fastapi/routing.py", line 134, in app
    await wrap_app_handling_exceptions(app, request)(scope, receive, send)
  File "/mnt/d/signaraaa/signara/backend/venv/lib/python3.12/site-packages/starlette/_exception_handler.py", line 53, in wrapped_app
    raise exc
  File "/mnt/d/signaraaa/signara/backend/venv/lib/python3.12/site-packages/starlette/_exception_handler.py", line 42, in wrapped_app
    await app(scope, receive, sender)
  File "/mnt/d/signaraaa/signara/backend/venv/lib/python3.12/site-packages/fastapi/routing.py", line 120, in app
    response = await f(request)
               ^^^^^^^^^^^^^^^^
  File "/mnt/d/signaraaa/signara/backend/venv/lib/python3.12/site-packages/fastapi/routing.py", line 674, in app
    raw_response = await run_endpoint_function(
                   ^^^^^^^^^^^^^^^^^^^^^^^^^^^^
  File "/mnt/d/signaraaa/signara/backend/venv/lib/python3.12/site-packages/fastapi/routing.py", line 328, in run_endpoint_function
    return await dependant.call(**values)
           ^^^^^^^^^^^^^^^^^^^^^^^^^^^^^^
  File "/mnt/d/signaraaa/signara/backend/src/api/main.py", line 143, in predict_keypoints
    return PredictionResponse(
           ^^^^^^^^^^^^^^^^^^^
  File "/mnt/d/signaraaa/signara/backend/venv/lib/python3.12/site-packages/pydantic/main.py", line 250, in __init__
    validated_self = self.__pydantic_validator__.validate_python(data, self_instance=self)
                     ^^^^^^^^^^^^^^^^^^^^^^^^^^^^^^^^^^^^^^^^^^^^^^^^^^^^^^^^^^^^^^^^^^^^^
pydantic_core._pydantic_core.ValidationError: 5 validation errors for PredictionResponse
top5.0.0
  Input should be a valid number, unable to parse string as a number [type=float_parsing, input_value='ABOUT', input_type=str]
    For further information visit https://errors.pydantic.dev/2.12/v/float_parsing
top5.1.0
  Input should be a valid number, unable to parse string as a number [type=float_parsing, input_value='STOP', input_type=str]
    For further information visit https://errors.pydantic.dev/2.12/v/float_parsing
top5.2.0
  Input should be a valid number, unable to parse string as a number [type=float_parsing, input_value='AMONG', input_type=str]
    For further information visit https://errors.pydantic.dev/2.12/v/float_parsing
top5.3.0
  Input should be a valid number, unable to parse string as a number [type=float_parsing, input_value='GIVE', input_type=str]
    For further information visit https://errors.pydantic.dev/2.12/v/float_parsing
top5.4.0
  Input should be a valid number, unable to parse string as a number [type=float_parsing, input_value='OUT', input_type=str]
    For further information visit https://errors.pydantic.dev/2.12/v/float_parsing
INFO:     Shutting down
INFO:     Waiting for application shutdown.
INFO:     Application shutdown complete.
INFO:     Finished server process [418767]
